<?xml version="1.0" encoding="UTF-8"?>
<!-- Generated by org.testng.reporters.JUnitXMLReporter -->
<testsuite hostname="SALMAN-PC" ignored="0" name="E-commerce portal automation" tests="3" failures="0" timestamp="2020-06-22T10:13:22 BDT" time="77.895" errors="0">
  <testcase name="doRegistration" time="30.748" classname="TestCase.TestCase"/>
  <testcase name="doLogin" time="11.443" classname="TestCase.TestCase"/>
  <testcase name="doPurchage" time="30.11" classname="TestCase.TestCase"/>
</testsuite> <!-- E-commerce portal automation -->
