<?xml version="1.0" encoding="UTF-8"?>
<testng-results skipped="0" failed="0" ignored="0" total="3" passed="3">
  <reporter-output>
    <line>
      <![CDATA[testuser9342@test.com]]>
    </line>
    <line>
      <![CDATA[Signup successful]]>
    </line>
  </reporter-output>
  <suite name="E-commerce portal automation" duration-ms="77895" started-at="2020-06-22T10:12:04 BDT" finished-at="2020-06-22T10:13:22 BDT">
    <groups>
    </groups>
    <test name="E-commerce portal automation" duration-ms="77895" started-at="2020-06-22T10:12:04 BDT" finished-at="2020-06-22T10:13:22 BDT">
      <class name="TestCase.TestCase">
        <test-method status="PASS" signature="setUp()[pri:0, instance:TestCase.TestCase@214b199c]" name="setUp" is-config="true" duration-ms="4585" started-at="2020-06-22T10:12:04 BDT" finished-at="2020-06-22T10:12:09 BDT">
          <reporter-output>
          </reporter-output>
        </test-method> <!-- setUp -->
        <test-method status="PASS" signature="doRegistration()[pri:0, instance:TestCase.TestCase@214b199c]" name="doRegistration" duration-ms="30748" started-at="2020-06-22T10:12:09 BDT" description="User Registration" finished-at="2020-06-22T10:12:40 BDT">
          <reporter-output>
            <line>
              <![CDATA[testuser9342@test.com]]>
            </line>
            <line>
              <![CDATA[Signup successful]]>
            </line>
          </reporter-output>
        </test-method> <!-- doRegistration -->
        <test-method status="PASS" signature="doLogin()[pri:1, instance:TestCase.TestCase@214b199c]" name="doLogin" duration-ms="11443" started-at="2020-06-22T10:12:40 BDT" description="Login" finished-at="2020-06-22T10:12:51 BDT">
          <reporter-output>
          </reporter-output>
        </test-method> <!-- doLogin -->
        <test-method status="PASS" signature="doPurchage()[pri:2, instance:TestCase.TestCase@214b199c]" name="doPurchage" duration-ms="30110" started-at="2020-06-22T10:12:51 BDT" description="Purchase Item" finished-at="2020-06-22T10:13:21 BDT">
          <reporter-output>
          </reporter-output>
        </test-method> <!-- doPurchage -->
        <test-method status="PASS" signature="Logout()[pri:0, instance:TestCase.TestCase@214b199c]" name="Logout" is-config="true" duration-ms="832" started-at="2020-06-22T10:13:21 BDT" finished-at="2020-06-22T10:13:22 BDT">
          <reporter-output>
          </reporter-output>
        </test-method> <!-- Logout -->
      </class> <!-- TestCase.TestCase -->
    </test> <!-- E-commerce portal automation -->
  </suite> <!-- E-commerce portal automation -->
</testng-results>
